<?xml version="1.0" encoding="UTF-8"?>
<!-- Generated by org.testng.reporters.JUnitXMLReporter -->
<testsuite ignored="0" hostname="360NDCLP175" failures="0" tests="6" name="Test" time="0.045" errors="0" timestamp="2021-08-15T23:09:37 IST">
  <testcase classname="practicemaven.Mavanjava.AppiumTest" name="androidTest" time="0.006"/>
  <testcase classname="practicemaven.Mavanjava.AppiumTest" name="iosTest" time="0.0"/>
  <testcase classname="practicemaven.Mavanjava.SeleniumTest" name="logIn" time="0.001"/>
  <testcase classname="practicemaven.Mavanjava.SeleniumTest" name="logOut" time="0.001"/>
  <testcase classname="practicemaven.Mavanjava.ApiTest" name="mobAPI" time="0.001"/>
  <testcase classname="practicemaven.Mavanjava.ApiTest" name="webAPI" time="0.0"/>
</testsuite> <!-- Test -->
