<?xml version="1.0" encoding="UTF-8"?>
<!-- Generated by org.testng.reporters.JUnitXMLReporter -->
<testsuite hostname="360NDCLP175" ignored="0" name="Test" tests="5" failures="0" timestamp="2021-07-29T00:12:07 IST" time="0.036" errors="0">
  <testcase name="androidTest" time="0.003" classname="practicemaven.Mavanjava.AppiumTest"/>
  <testcase name="iosTest" time="0.0" classname="practicemaven.Mavanjava.AppiumTest"/>
  <testcase name="logIn" time="0.0" classname="practicemaven.Mavanjava.SeleniumTest"/>
  <testcase name="mobAPI" time="0.0" classname="practicemaven.Mavanjava.ApiTest"/>
  <testcase name="webAPI" time="0.0" classname="practicemaven.Mavanjava.ApiTest"/>
</testsuite> <!-- Test -->
