<?xml version="1.0" encoding="UTF-8"?>
<testng-results skipped="0" failed="0" ignored="0" total="2" passed="2">
  <reporter-output>
  </reporter-output>
  <suite name="Surefire suite" duration-ms="35" started-at="2021-07-29T00:20:55 IST" finished-at="2021-07-29T00:20:55 IST">
    <groups>
    </groups>
    <test name="Surefire test" duration-ms="35" started-at="2021-07-29T00:20:55 IST" finished-at="2021-07-29T00:20:55 IST">
      <class name="practicemaven.Mavanjava.ApiTest">
        <test-method status="PASS" signature="mobAPI()[pri:0, instance:practicemaven.Mavanjava.ApiTest@3e9b1010]" name="mobAPI" duration-ms="4" started-at="2021-07-29T00:20:55 IST" finished-at="2021-07-29T00:20:55 IST">
          <reporter-output>
          </reporter-output>
        </test-method> <!-- mobAPI -->
        <test-method status="PASS" signature="webAPI()[pri:0, instance:practicemaven.Mavanjava.ApiTest@3e9b1010]" name="webAPI" duration-ms="0" started-at="2021-07-29T00:20:55 IST" finished-at="2021-07-29T00:20:55 IST">
          <reporter-output>
          </reporter-output>
        </test-method> <!-- webAPI -->
      </class> <!-- practicemaven.Mavanjava.ApiTest -->
    </test> <!-- Surefire test -->
  </suite> <!-- Surefire suite -->
</testng-results>
